app/build/intermediates/manifest_merge_blame_file/debug/manifest-merger-blame-debug-report.txt
1<?xml version="1.0" encoding="utf-8"?>
2<manifest xmlns:android="http://schemas.android.com/apk/res/android"
3    package="com.example.collatzcheckin"
4    android:versionCode="1"
5    android:versionName="1.0" >
6
7    <uses-sdk
8        android:minSdkVersion="24"
9        android:targetSdkVersion="34" />
10
11    <uses-permission android:name="android.permission.GET_ACCOUNTS" />
11-->src\main\AndroidManifest.xml:4:5-71
11-->src\main\AndroidManifest.xml:4:22-68
12    <uses-permission android:name="android.permission.INTERNET" />
12-->src\main\AndroidManifest.xml:5:5-67
12-->src\main\AndroidManifest.xml:5:22-64
13
14    <!-- Although the *SdkVersion is captured in gradle build files, this is required for non gradle builds -->
15    <!-- <uses-sdk android:minSdkVersion="14" /> -->
16    <uses-permission android:name="android.permission.ACCESS_NETWORK_STATE" />
16-->[com.google.firebase:firebase-firestore:24.10.3] AndroidManifest.xml:10:5-79
16-->[com.google.firebase:firebase-firestore:24.10.3] AndroidManifest.xml:10:22-76
17    <uses-permission android:name="com.google.android.providers.gsf.permission.READ_GSERVICES" />
17-->[com.google.android.recaptcha:recaptcha:18.4.0] AndroidManifest.xml:9:5-98
17-->[com.google.android.recaptcha:recaptcha:18.4.0] AndroidManifest.xml:9:22-95
18
19    <permission
19-->[androidx.core:core:1.9.0] AndroidManifest.xml:22:5-24:47
20        android:name="com.example.collatzcheckin.DYNAMIC_RECEIVER_NOT_EXPORTED_PERMISSION"
20-->[androidx.core:core:1.9.0] AndroidManifest.xml:23:9-81
21        android:protectionLevel="signature" />
21-->[androidx.core:core:1.9.0] AndroidManifest.xml:24:9-44
22
23    <uses-permission android:name="com.example.collatzcheckin.DYNAMIC_RECEIVER_NOT_EXPORTED_PERMISSION" />
23-->[androidx.core:core:1.9.0] AndroidManifest.xml:26:5-97
23-->[androidx.core:core:1.9.0] AndroidManifest.xml:26:22-94
24
25    <application
25-->src\main\AndroidManifest.xml:7:5-29:19
26        android:allowBackup="true"
26-->src\main\AndroidManifest.xml:8:9-35
27        android:appComponentFactory="androidx.core.app.CoreComponentFactory"
27-->[androidx.core:core:1.9.0] AndroidManifest.xml:28:18-86
28        android:debuggable="true"
29        android:extractNativeLibs="false"
30        android:fullBackupContent="@xml/backup_rules"
30-->src\main\AndroidManifest.xml:9:9-54
31        android:icon="@mipmap/ic_launcher"
31-->src\main\AndroidManifest.xml:10:9-43
32        android:label="@string/app_name"
32-->src\main\AndroidManifest.xml:11:9-41
33        android:roundIcon="@mipmap/ic_launcher_round"
33-->src\main\AndroidManifest.xml:12:9-54
34        android:supportsRtl="true"
34-->src\main\AndroidManifest.xml:13:9-35
35        android:testOnly="true"
36        android:theme="@style/Theme.CollatzCheckIn"
36-->src\main\AndroidManifest.xml:14:9-52
37        android:usesCleartextTraffic="true" >
37-->src\main\AndroidManifest.xml:15:9-44
38        <activity
38-->src\main\AndroidManifest.xml:17:9-19:40
39            android:name="com.example.collatzcheckin.attendee.profile.UpdateProfileActivity"
39-->src\main\AndroidManifest.xml:18:13-67
40            android:exported="false" />
40-->src\main\AndroidManifest.xml:19:13-37
41        <activity
41-->src\main\AndroidManifest.xml:20:9-28:20
42            android:name="com.example.collatzcheckin.MainActivity"
42-->src\main\AndroidManifest.xml:21:13-41
43            android:exported="true" >
43-->src\main\AndroidManifest.xml:22:13-36
44            <intent-filter>
44-->src\main\AndroidManifest.xml:23:13-27:29
45                <action android:name="android.intent.action.MAIN" />
45-->src\main\AndroidManifest.xml:24:17-69
45-->src\main\AndroidManifest.xml:24:25-66
46
47                <category android:name="android.intent.category.LAUNCHER" />
47-->src\main\AndroidManifest.xml:26:17-77
47-->src\main\AndroidManifest.xml:26:27-74
48            </intent-filter>
49        </activity>
50
51        <service
51-->[com.google.firebase:firebase-firestore:24.10.3] AndroidManifest.xml:14:9-23:19
52            android:name="com.google.firebase.components.ComponentDiscoveryService"
52-->[com.google.firebase:firebase-firestore:24.10.3] AndroidManifest.xml:15:13-84
53            android:directBootAware="true"
53-->[com.google.firebase:firebase-common:20.4.2] AndroidManifest.xml:32:13-43
54            android:exported="false" >
54-->[com.google.firebase:firebase-firestore:24.10.3] AndroidManifest.xml:16:13-37
55            <meta-data
55-->[com.google.firebase:firebase-firestore:24.10.3] AndroidManifest.xml:17:13-19:85
56                android:name="com.google.firebase.components:com.google.firebase.firestore.FirebaseFirestoreKtxRegistrar"
56-->[com.google.firebase:firebase-firestore:24.10.3] AndroidManifest.xml:18:17-122
57                android:value="com.google.firebase.components.ComponentRegistrar" />
57-->[com.google.firebase:firebase-firestore:24.10.3] AndroidManifest.xml:19:17-82
58            <meta-data
58-->[com.google.firebase:firebase-firestore:24.10.3] AndroidManifest.xml:20:13-22:85
59                android:name="com.google.firebase.components:com.google.firebase.firestore.FirestoreRegistrar"
59-->[com.google.firebase:firebase-firestore:24.10.3] AndroidManifest.xml:21:17-111
60                android:value="com.google.firebase.components.ComponentRegistrar" />
60-->[com.google.firebase:firebase-firestore:24.10.3] AndroidManifest.xml:22:17-82
61            <meta-data
61-->[com.google.firebase:firebase-auth:22.3.1] AndroidManifest.xml:69:13-71:85
62                android:name="com.google.firebase.components:com.google.firebase.auth.FirebaseAuthRegistrar"
62-->[com.google.firebase:firebase-auth:22.3.1] AndroidManifest.xml:70:17-109
63                android:value="com.google.firebase.components.ComponentRegistrar" />
63-->[com.google.firebase:firebase-auth:22.3.1] AndroidManifest.xml:71:17-82
64            <meta-data
64-->[com.google.firebase:firebase-common-ktx:20.4.2] AndroidManifest.xml:12:13-14:85
65                android:name="com.google.firebase.components:com.google.firebase.ktx.FirebaseCommonLegacyRegistrar"
65-->[com.google.firebase:firebase-common-ktx:20.4.2] AndroidManifest.xml:13:17-116
66                android:value="com.google.firebase.components.ComponentRegistrar" />
66-->[com.google.firebase:firebase-common-ktx:20.4.2] AndroidManifest.xml:14:17-82
67            <meta-data
67-->[com.google.firebase:firebase-common:20.4.2] AndroidManifest.xml:35:13-37:85
68                android:name="com.google.firebase.components:com.google.firebase.FirebaseCommonKtxRegistrar"
68-->[com.google.firebase:firebase-common:20.4.2] AndroidManifest.xml:36:17-109
69                android:value="com.google.firebase.components.ComponentRegistrar" />
69-->[com.google.firebase:firebase-common:20.4.2] AndroidManifest.xml:37:17-82
70        </service>
71
72        <activity
72-->[com.google.firebase:firebase-auth:22.3.1] AndroidManifest.xml:29:9-46:20
73            android:name="com.google.firebase.auth.internal.GenericIdpActivity"
73-->[com.google.firebase:firebase-auth:22.3.1] AndroidManifest.xml:30:13-80
74            android:excludeFromRecents="true"
74-->[com.google.firebase:firebase-auth:22.3.1] AndroidManifest.xml:31:13-46
75            android:exported="true"
75-->[com.google.firebase:firebase-auth:22.3.1] AndroidManifest.xml:32:13-36
76            android:launchMode="singleTask"
76-->[com.google.firebase:firebase-auth:22.3.1] AndroidManifest.xml:33:13-44
77            android:theme="@android:style/Theme.Translucent.NoTitleBar" >
77-->[com.google.firebase:firebase-auth:22.3.1] AndroidManifest.xml:34:13-72
78            <intent-filter>
78-->[com.google.firebase:firebase-auth:22.3.1] AndroidManifest.xml:35:13-45:29
79                <action android:name="android.intent.action.VIEW" />
79-->[com.google.firebase:firebase-auth:22.3.1] AndroidManifest.xml:36:17-69
79-->[com.google.firebase:firebase-auth:22.3.1] AndroidManifest.xml:36:25-66
80
81                <category android:name="android.intent.category.DEFAULT" />
81-->[com.google.firebase:firebase-auth:22.3.1] AndroidManifest.xml:38:17-76
81-->[com.google.firebase:firebase-auth:22.3.1] AndroidManifest.xml:38:27-73
82                <category android:name="android.intent.category.BROWSABLE" />
82-->[com.google.firebase:firebase-auth:22.3.1] AndroidManifest.xml:39:17-78
82-->[com.google.firebase:firebase-auth:22.3.1] AndroidManifest.xml:39:27-75
83
84                <data
84-->[com.google.firebase:firebase-auth:22.3.1] AndroidManifest.xml:41:17-44:51
85                    android:host="firebase.auth"
85-->[com.google.firebase:firebase-auth:22.3.1] AndroidManifest.xml:42:21-49
86                    android:path="/"
86-->[com.google.firebase:firebase-auth:22.3.1] AndroidManifest.xml:43:21-37
87                    android:scheme="genericidp" />
87-->[com.google.firebase:firebase-auth:22.3.1] AndroidManifest.xml:44:21-48
88            </intent-filter>
89        </activity>
90        <activity
90-->[com.google.firebase:firebase-auth:22.3.1] AndroidManifest.xml:47:9-64:20
91            android:name="com.google.firebase.auth.internal.RecaptchaActivity"
91-->[com.google.firebase:firebase-auth:22.3.1] AndroidManifest.xml:48:13-79
92            android:excludeFromRecents="true"
92-->[com.google.firebase:firebase-auth:22.3.1] AndroidManifest.xml:49:13-46
93            android:exported="true"
93-->[com.google.firebase:firebase-auth:22.3.1] AndroidManifest.xml:50:13-36
94            android:launchMode="singleTask"
94-->[com.google.firebase:firebase-auth:22.3.1] AndroidManifest.xml:51:13-44
95            android:theme="@android:style/Theme.Translucent.NoTitleBar" >
95-->[com.google.firebase:firebase-auth:22.3.1] AndroidManifest.xml:52:13-72
96            <intent-filter>
96-->[com.google.firebase:firebase-auth:22.3.1] AndroidManifest.xml:53:13-63:29
97                <action android:name="android.intent.action.VIEW" />
97-->[com.google.firebase:firebase-auth:22.3.1] AndroidManifest.xml:36:17-69
97-->[com.google.firebase:firebase-auth:22.3.1] AndroidManifest.xml:36:25-66
98
99                <category android:name="android.intent.category.DEFAULT" />
99-->[com.google.firebase:firebase-auth:22.3.1] AndroidManifest.xml:38:17-76
99-->[com.google.firebase:firebase-auth:22.3.1] AndroidManifest.xml:38:27-73
100                <category android:name="android.intent.category.BROWSABLE" />
100-->[com.google.firebase:firebase-auth:22.3.1] AndroidManifest.xml:39:17-78
100-->[com.google.firebase:firebase-auth:22.3.1] AndroidManifest.xml:39:27-75
101
102                <data
102-->[com.google.firebase:firebase-auth:22.3.1] AndroidManifest.xml:41:17-44:51
103                    android:host="firebase.auth"
103-->[com.google.firebase:firebase-auth:22.3.1] AndroidManifest.xml:42:21-49
104                    android:path="/"
104-->[com.google.firebase:firebase-auth:22.3.1] AndroidManifest.xml:43:21-37
105                    android:scheme="recaptcha" />
105-->[com.google.firebase:firebase-auth:22.3.1] AndroidManifest.xml:44:21-48
106            </intent-filter>
107        </activity>
108        <activity
108-->[com.google.android.gms:play-services-auth:21.0.0] AndroidManifest.xml:23:9-27:75
109            android:name="com.google.android.gms.auth.api.signin.internal.SignInHubActivity"
109-->[com.google.android.gms:play-services-auth:21.0.0] AndroidManifest.xml:24:13-93
110            android:excludeFromRecents="true"
110-->[com.google.android.gms:play-services-auth:21.0.0] AndroidManifest.xml:25:13-46
111            android:exported="false"
111-->[com.google.android.gms:play-services-auth:21.0.0] AndroidManifest.xml:26:13-37
112            android:theme="@android:style/Theme.Translucent.NoTitleBar" />
112-->[com.google.android.gms:play-services-auth:21.0.0] AndroidManifest.xml:27:13-72
113        <!--
114            Service handling Google Sign-In user revocation. For apps that do not integrate with
115            Google Sign-In, this service will never be started.
116        -->
117        <service
117-->[com.google.android.gms:play-services-auth:21.0.0] AndroidManifest.xml:33:9-37:51
118            android:name="com.google.android.gms.auth.api.signin.RevocationBoundService"
118-->[com.google.android.gms:play-services-auth:21.0.0] AndroidManifest.xml:34:13-89
119            android:exported="true"
119-->[com.google.android.gms:play-services-auth:21.0.0] AndroidManifest.xml:35:13-36
120            android:permission="com.google.android.gms.auth.api.signin.permission.REVOCATION_NOTIFICATION"
120-->[com.google.android.gms:play-services-auth:21.0.0] AndroidManifest.xml:36:13-107
121            android:visibleToInstantApps="true" />
121-->[com.google.android.gms:play-services-auth:21.0.0] AndroidManifest.xml:37:13-48
122
123        <provider
123-->[com.google.firebase:firebase-common:20.4.2] AndroidManifest.xml:23:9-28:39
124            android:name="com.google.firebase.provider.FirebaseInitProvider"
124-->[com.google.firebase:firebase-common:20.4.2] AndroidManifest.xml:24:13-77
125            android:authorities="com.example.collatzcheckin.firebaseinitprovider"
125-->[com.google.firebase:firebase-common:20.4.2] AndroidManifest.xml:25:13-72
126            android:directBootAware="true"
126-->[com.google.firebase:firebase-common:20.4.2] AndroidManifest.xml:26:13-43
127            android:exported="false"
127-->[com.google.firebase:firebase-common:20.4.2] AndroidManifest.xml:27:13-37
128            android:initOrder="100" />
128-->[com.google.firebase:firebase-common:20.4.2] AndroidManifest.xml:28:13-36
129        <provider
129-->[androidx.emoji2:emoji2:1.2.0] AndroidManifest.xml:24:9-32:20
130            android:name="androidx.startup.InitializationProvider"
130-->[androidx.emoji2:emoji2:1.2.0] AndroidManifest.xml:25:13-67
131            android:authorities="com.example.collatzcheckin.androidx-startup"
131-->[androidx.emoji2:emoji2:1.2.0] AndroidManifest.xml:26:13-68
132            android:exported="false" >
132-->[androidx.emoji2:emoji2:1.2.0] AndroidManifest.xml:27:13-37
133            <meta-data
133-->[androidx.emoji2:emoji2:1.2.0] AndroidManifest.xml:29:13-31:52
134                android:name="androidx.emoji2.text.EmojiCompatInitializer"
134-->[androidx.emoji2:emoji2:1.2.0] AndroidManifest.xml:30:17-75
135                android:value="androidx.startup" />
135-->[androidx.emoji2:emoji2:1.2.0] AndroidManifest.xml:31:17-49
136            <meta-data
136-->[androidx.lifecycle:lifecycle-process:2.6.1] AndroidManifest.xml:29:13-31:52
137                android:name="androidx.lifecycle.ProcessLifecycleInitializer"
137-->[androidx.lifecycle:lifecycle-process:2.6.1] AndroidManifest.xml:30:17-78
138                android:value="androidx.startup" />
138-->[androidx.lifecycle:lifecycle-process:2.6.1] AndroidManifest.xml:31:17-49
139            <meta-data
139-->[androidx.profileinstaller:profileinstaller:1.3.0] AndroidManifest.xml:29:13-31:52
140                android:name="androidx.profileinstaller.ProfileInstallerInitializer"
140-->[androidx.profileinstaller:profileinstaller:1.3.0] AndroidManifest.xml:30:17-85
141                android:value="androidx.startup" />
141-->[androidx.profileinstaller:profileinstaller:1.3.0] AndroidManifest.xml:31:17-49
142        </provider>
143
144        <activity
144-->[com.google.android.gms:play-services-base:18.0.1] AndroidManifest.xml:20:9-22:45
145            android:name="com.google.android.gms.common.api.GoogleApiActivity"
145-->[com.google.android.gms:play-services-base:18.0.1] AndroidManifest.xml:20:19-85
146            android:exported="false"
146-->[com.google.android.gms:play-services-base:18.0.1] AndroidManifest.xml:22:19-43
147            android:theme="@android:style/Theme.Translucent.NoTitleBar" />
147-->[com.google.android.gms:play-services-base:18.0.1] AndroidManifest.xml:21:19-78
148
149        <meta-data
149-->[com.google.android.gms:play-services-basement:18.2.0] AndroidManifest.xml:21:9-23:69
150            android:name="com.google.android.gms.version"
150-->[com.google.android.gms:play-services-basement:18.2.0] AndroidManifest.xml:22:13-58
151            android:value="@integer/google_play_services_version" />
151-->[com.google.android.gms:play-services-basement:18.2.0] AndroidManifest.xml:23:13-66
152
153        <receiver
153-->[androidx.profileinstaller:profileinstaller:1.3.0] AndroidManifest.xml:34:9-52:20
154            android:name="androidx.profileinstaller.ProfileInstallReceiver"
154-->[androidx.profileinstaller:profileinstaller:1.3.0] AndroidManifest.xml:35:13-76
155            android:directBootAware="false"
155-->[androidx.profileinstaller:profileinstaller:1.3.0] AndroidManifest.xml:36:13-44
156            android:enabled="true"
156-->[androidx.profileinstaller:profileinstaller:1.3.0] AndroidManifest.xml:37:13-35
157            android:exported="true"
157-->[androidx.profileinstaller:profileinstaller:1.3.0] AndroidManifest.xml:38:13-36
158            android:permission="android.permission.DUMP" >
158-->[androidx.profileinstaller:profileinstaller:1.3.0] AndroidManifest.xml:39:13-57
159            <intent-filter>
159-->[androidx.profileinstaller:profileinstaller:1.3.0] AndroidManifest.xml:40:13-42:29
160                <action android:name="androidx.profileinstaller.action.INSTALL_PROFILE" />
160-->[androidx.profileinstaller:profileinstaller:1.3.0] AndroidManifest.xml:41:17-91
160-->[androidx.profileinstaller:profileinstaller:1.3.0] AndroidManifest.xml:41:25-88
161            </intent-filter>
162            <intent-filter>
162-->[androidx.profileinstaller:profileinstaller:1.3.0] AndroidManifest.xml:43:13-45:29
163                <action android:name="androidx.profileinstaller.action.SKIP_FILE" />
163-->[androidx.profileinstaller:profileinstaller:1.3.0] AndroidManifest.xml:44:17-85
163-->[androidx.profileinstaller:profileinstaller:1.3.0] AndroidManifest.xml:44:25-82
164            </intent-filter>
165            <intent-filter>
165-->[androidx.profileinstaller:profileinstaller:1.3.0] AndroidManifest.xml:46:13-48:29
166                <action android:name="androidx.profileinstaller.action.SAVE_PROFILE" />
166-->[androidx.profileinstaller:profileinstaller:1.3.0] AndroidManifest.xml:47:17-88
166-->[androidx.profileinstaller:profileinstaller:1.3.0] AndroidManifest.xml:47:25-85
167            </intent-filter>
168            <intent-filter>
168-->[androidx.profileinstaller:profileinstaller:1.3.0] AndroidManifest.xml:49:13-51:29
169                <action android:name="androidx.profileinstaller.action.BENCHMARK_OPERATION" />
169-->[androidx.profileinstaller:profileinstaller:1.3.0] AndroidManifest.xml:50:17-95
169-->[androidx.profileinstaller:profileinstaller:1.3.0] AndroidManifest.xml:50:25-92
170            </intent-filter>
171        </receiver>
172    </application>
173
174</manifest>